C:\WORK\SCENTIPEDE-SKELETON-WIN32\DEBUG\SCENTIPEDE.EXE
C:\WORK\SCENTIPEDE-SKELETON-WIN32\DEBUG\SCENTIPEDE.ILK
C:\WORK\SCENTIPEDE-SKELETON-WIN32\DEBUG\SCENTIPEDE.PDB
C:\WORK\SCENTIPEDE-SKELETON-WIN32\SCENTIPEDE\DEBUG\ACTOR.OBJ
C:\WORK\SCENTIPEDE-SKELETON-WIN32\SCENTIPEDE\DEBUG\GAMECONTROLLER.OBJ
C:\WORK\SCENTIPEDE-SKELETON-WIN32\SCENTIPEDE\DEBUG\GAMEWORLD.OBJ
C:\WORK\SCENTIPEDE-SKELETON-WIN32\SCENTIPEDE\DEBUG\GRAPHOBJ.OBJ
C:\WORK\SCENTIPEDE-SKELETON-WIN32\SCENTIPEDE\DEBUG\MAIN.OBJ
C:\WORK\SCENTIPEDE-SKELETON-WIN32\SCENTIPEDE\DEBUG\SCENTIPEDE.EXE.EMBED.MANIFEST.RES
C:\WORK\SCENTIPEDE-SKELETON-WIN32\SCENTIPEDE\DEBUG\SCENTIPEDE.EXE.INTERMEDIATE.MANIFEST
C:\WORK\SCENTIPEDE-SKELETON-WIN32\SCENTIPEDE\DEBUG\SOUNDFX.OBJ
C:\WORK\SCENTIPEDE-SKELETON-WIN32\SCENTIPEDE\DEBUG\VC100.PDB
C:\WORK\SCENTIPEDE-SOL-WIN32\DEBUG\SCENTIPEDE.EXE
C:\WORK\SCENTIPEDE-SOL-WIN32\DEBUG\SCENTIPEDE.ILK
C:\WORK\SCENTIPEDE-SOL-WIN32\DEBUG\SCENTIPEDE.PDB
C:\WORK\SCENTIPEDE-SOL-WIN32\SCENTIPEDE\DEBUG\ACTOR.OBJ
C:\WORK\SCENTIPEDE-SOL-WIN32\SCENTIPEDE\DEBUG\GAMECONTROLLER.OBJ
C:\WORK\SCENTIPEDE-SOL-WIN32\SCENTIPEDE\DEBUG\GAMEWORLD.OBJ
C:\WORK\SCENTIPEDE-SOL-WIN32\SCENTIPEDE\DEBUG\GRAPHOBJ.OBJ
C:\WORK\SCENTIPEDE-SOL-WIN32\SCENTIPEDE\DEBUG\MAIN.OBJ
C:\WORK\SCENTIPEDE-SOL-WIN32\SCENTIPEDE\DEBUG\SCENTIPEDE.EXE.EMBED.MANIFEST
C:\WORK\SCENTIPEDE-SOL-WIN32\SCENTIPEDE\DEBUG\SCENTIPEDE.EXE.EMBED.MANIFEST.RES
C:\WORK\SCENTIPEDE-SOL-WIN32\SCENTIPEDE\DEBUG\SCENTIPEDE.EXE.INTERMEDIATE.MANIFEST
C:\WORK\SCENTIPEDE-SOL-WIN32\SCENTIPEDE\DEBUG\SOUNDFX.OBJ
C:\WORK\SCENTIPEDE-SOL-WIN32\SCENTIPEDE\DEBUG\VC100.PDB
Z:\scentipede\Debug\scentipede.ilk
Z:\scentipede\Debug\scentipede.pdb
Z:\scentipede\scentipede\Debug\actor.obj
Z:\scentipede\scentipede\Debug\cl.command.1.tlog
Z:\scentipede\scentipede\Debug\CL.read.1.tlog
Z:\scentipede\scentipede\Debug\CL.write.1.tlog
Z:\scentipede\scentipede\Debug\GameController.obj
Z:\scentipede\scentipede\Debug\GameWorld.obj
Z:\scentipede\scentipede\Debug\graphobj.obj
Z:\scentipede\scentipede\Debug\link.5388.read.1.tlog
Z:\scentipede\scentipede\Debug\link.5388.write.1.tlog
Z:\scentipede\scentipede\Debug\link.5388-cvtres.read.1.tlog
Z:\scentipede\scentipede\Debug\link.5388-cvtres.write.1.tlog
Z:\scentipede\scentipede\Debug\link.command.1.tlog
Z:\scentipede\scentipede\Debug\link.read.1.tlog
Z:\scentipede\scentipede\Debug\link.write.1.tlog
Z:\scentipede\scentipede\Debug\link-cvtres.read.1.tlog
Z:\scentipede\scentipede\Debug\link-cvtres.write.1.tlog
Z:\scentipede\scentipede\Debug\main.obj
Z:\scentipede\scentipede\Debug\mt.command.1.tlog
Z:\scentipede\scentipede\Debug\mt.read.1.tlog
Z:\scentipede\scentipede\Debug\mt.write.1.tlog
Z:\scentipede\scentipede\Debug\rc.command.1.tlog
Z:\scentipede\scentipede\Debug\rc.read.1.tlog
Z:\scentipede\scentipede\Debug\rc.write.1.tlog
Z:\scentipede\scentipede\Debug\scentipede.exe.embed.manifest
Z:\scentipede\scentipede\Debug\scentipede.exe.embed.manifest.res
Z:\scentipede\scentipede\Debug\scentipede.exe.intermediate.manifest
Z:\scentipede\scentipede\Debug\scentipede_manifest.rc
Z:\scentipede\scentipede\Debug\SoundFX.obj
Z:\scentipede\scentipede\Debug\vc100.idb
Z:\scentipede\scentipede\Debug\vc100.pdb
